<?xml version="1.0" encoding="UTF-8"?>
<testsuite name="com.example.ktbapi.BulkOperationTest" tests="4" skipped="0" failures="0" errors="0" timestamp="2025-11-09T23:32:58.787Z" hostname="neonui-MacBookPro.local" time="0.358">
  <properties/>
  <testcase name="bulkDelete_likes_by_post_example()" classname="com.example.ktbapi.BulkOperationTest" time="0.313"/>
  <testcase name="bulkUpdate_posts_reset_views_over_threshold()" classname="com.example.ktbapi.BulkOperationTest" time="0.016"/>
  <testcase name="bulkUpdate_users_all_to_same_nickname_then_clear()" classname="com.example.ktbapi.BulkOperationTest" time="0.011"/>
  <testcase name="bulkUpdate_without_clear_demo()" classname="com.example.ktbapi.BulkOperationTest" time="0.017"/>
  <system-out><![CDATA[08:32:55.989 [Test worker] INFO org.springframework.test.context.support.AnnotationConfigContextLoaderUtils -- Could not detect default configuration classes for test class [com.example.ktbapi.BulkOperationTest]: BulkOperationTest does not declare any static, non-private, non-final, nested classes annotated with @Configuration.
08:32:56.038 [Test worker] INFO org.springframework.boot.test.context.SpringBootTestContextBootstrapper -- Found @SpringBootConfiguration com.example.ktbapi.KtbapiApplication for test class com.example.ktbapi.BulkOperationTest

  .   ____          _            __ _ _
 /\\ / ___'_ __ _ _(_)_ __  __ _ \ \ \ \
( ( )\___ | '_ | '_| | '_ \/ _` | \ \ \ \
 \\/  ___)| |_)| | | | | || (_| |  ) ) ) )
  '  |____| .__|_| |_|_| |_\__, | / / / /
 =========|_|==============|___/=/_/_/_/

 :: Spring Boot ::                (v3.5.6)

2025-11-10T08:32:56.201+09:00  INFO 73264 --- [    Test worker] com.example.ktbapi.BulkOperationTest     : Starting BulkOperationTest using Java 17.0.12 with PID 73264 (started by neon in /Users/neon/amumal-neon)
2025-11-10T08:32:56.202+09:00  INFO 73264 --- [    Test worker] com.example.ktbapi.BulkOperationTest     : The following 1 profile is active: "test"
2025-11-10T08:32:56.596+09:00  INFO 73264 --- [    Test worker] .s.d.r.c.RepositoryConfigurationDelegate : Bootstrapping Spring Data JPA repositories in DEFAULT mode.
2025-11-10T08:32:56.624+09:00  INFO 73264 --- [    Test worker] .s.d.r.c.RepositoryConfigurationDelegate : Finished Spring Data repository scanning in 24 ms. Found 4 JPA repository interfaces.
2025-11-10T08:32:56.909+09:00  INFO 73264 --- [    Test worker] o.hibernate.jpa.internal.util.LogHelper  : HHH000204: Processing PersistenceUnitInfo [name: default]
2025-11-10T08:32:56.933+09:00  INFO 73264 --- [    Test worker] org.hibernate.Version                    : HHH000412: Hibernate ORM core version 6.6.29.Final
2025-11-10T08:32:56.945+09:00  INFO 73264 --- [    Test worker] o.h.c.internal.RegionFactoryInitiator    : HHH000026: Second-level cache disabled
2025-11-10T08:32:57.044+09:00  INFO 73264 --- [    Test worker] o.s.o.j.p.SpringPersistenceUnitInfo      : No LoadTimeWeaver setup: ignoring JPA class transformer
2025-11-10T08:32:57.056+09:00  INFO 73264 --- [    Test worker] com.zaxxer.hikari.HikariDataSource       : HikariPool-1 - Starting...
2025-11-10T08:32:57.133+09:00  INFO 73264 --- [    Test worker] com.zaxxer.hikari.pool.HikariPool        : HikariPool-1 - Added connection conn0: url=jdbc:h2:mem:testdb user=SA
2025-11-10T08:32:57.134+09:00  INFO 73264 --- [    Test worker] com.zaxxer.hikari.HikariDataSource       : HikariPool-1 - Start completed.
2025-11-10T08:32:57.161+09:00  INFO 73264 --- [    Test worker] org.hibernate.orm.connections.pooling    : HHH10001005: Database info:
	Database JDBC URL [Connecting through datasource 'HikariDataSource (HikariPool-1)']
	Database driver: undefined/unknown
	Database version: 2.3.232
	Autocommit mode: undefined/unknown
	Isolation level: undefined/unknown
	Minimum pool size: undefined/unknown
	Maximum pool size: undefined/unknown
2025-11-10T08:32:57.522+09:00 DEBUG 73264 --- [    Test worker] org.hibernate.SQL                        : 
    create global temporary table HT_board(id bigint not null, primary key (id)) TRANSACTIONAL
Hibernate: 
    create global temporary table HT_board(id bigint not null, primary key (id)) TRANSACTIONAL
2025-11-10T08:32:57.526+09:00 DEBUG 73264 --- [    Test worker] org.hibernate.SQL                        : 
    create global temporary table HTE_board(solved boolean, HTE_IDENTITY bigint generated 
by
    default as identity, id bigint, notice_level varchar(20), board_type varchar(31) not null, category varchar(50), title varchar(100), content varchar(500), primary key (HTE_IDENTITY)) TRANSACTIONAL
Hibernate: 
    create global temporary table HTE_board(solved boolean, HTE_IDENTITY bigint generated 
by
    default as identity, id bigint, notice_level varchar(20), board_type varchar(31) not null, category varchar(50), title varchar(100), content varchar(500), primary key (HTE_IDENTITY)) TRANSACTIONAL
2025-11-10T08:32:57.528+09:00 DEBUG 73264 --- [    Test worker] org.hibernate.SQL                        : 
    create global temporary table HTE_free(HTE_IDENTITY bigint generated 
by
    default as identity, id bigint, board_type varchar(31) not null, category varchar(50), title varchar(100), content varchar(500), primary key (HTE_IDENTITY)) TRANSACTIONAL
Hibernate: 
    create global temporary table HTE_free(HTE_IDENTITY bigint generated 
by
    default as identity, id bigint, board_type varchar(31) not null, category varchar(50), title varchar(100), content varchar(500), primary key (HTE_IDENTITY)) TRANSACTIONAL
2025-11-10T08:32:57.528+09:00 DEBUG 73264 --- [    Test worker] org.hibernate.SQL                        : 
    create global temporary table HTE_notice(HTE_IDENTITY bigint generated 
by
    default as identity, id bigint, notice_level varchar(20), board_type varchar(31) not null, title varchar(100), content varchar(500), primary key (HTE_IDENTITY)) TRANSACTIONAL
Hibernate: 
    create global temporary table HTE_notice(HTE_IDENTITY bigint generated 
by
    default as identity, id bigint, notice_level varchar(20), board_type varchar(31) not null, title varchar(100), content varchar(500), primary key (HTE_IDENTITY)) TRANSACTIONAL
2025-11-10T08:32:57.529+09:00 DEBUG 73264 --- [    Test worker] org.hibernate.SQL                        : 
    create global temporary table HTE_qna(solved boolean, HTE_IDENTITY bigint generated 
by
    default as identity, id bigint, board_type varchar(31) not null, title varchar(100), content varchar(500), primary key (HTE_IDENTITY)) TRANSACTIONAL
Hibernate: 
    create global temporary table HTE_qna(solved boolean, HTE_IDENTITY bigint generated 
by
    default as identity, id bigint, board_type varchar(31) not null, title varchar(100), content varchar(500), primary key (HTE_IDENTITY)) TRANSACTIONAL
2025-11-10T08:32:57.585+09:00  INFO 73264 --- [    Test worker] o.h.e.t.j.p.i.JtaPlatformInitiator       : HHH000489: No JTA platform available (set 'hibernate.transaction.jta.platform' to enable JTA platform integration)
2025-11-10T08:32:57.833+09:00 DEBUG 73264 --- [    Test worker] org.hibernate.SQL                        : 
    drop table if exists board cascade 
Hibernate: 
    drop table if exists board cascade 
2025-11-10T08:32:57.833+09:00 DEBUG 73264 --- [    Test worker] org.hibernate.SQL                        : 
    drop table if exists comments cascade 
Hibernate: 
    drop table if exists comments cascade 
2025-11-10T08:32:57.833+09:00 DEBUG 73264 --- [    Test worker] org.hibernate.SQL                        : 
    drop table if exists free cascade 
Hibernate: 
    drop table if exists free cascade 
2025-11-10T08:32:57.834+09:00 DEBUG 73264 --- [    Test worker] org.hibernate.SQL                        : 
    drop table if exists likes cascade 
Hibernate: 
    drop table if exists likes cascade 
2025-11-10T08:32:57.834+09:00 DEBUG 73264 --- [    Test worker] org.hibernate.SQL                        : 
    drop table if exists notice cascade 
Hibernate: 
    drop table if exists notice cascade 
2025-11-10T08:32:57.834+09:00 DEBUG 73264 --- [    Test worker] org.hibernate.SQL                        : 
    drop table if exists posts cascade 
Hibernate: 
    drop table if exists posts cascade 
2025-11-10T08:32:57.834+09:00 DEBUG 73264 --- [    Test worker] org.hibernate.SQL                        : 
    drop table if exists qna cascade 
Hibernate: 
    drop table if exists qna cascade 
2025-11-10T08:32:57.834+09:00 DEBUG 73264 --- [    Test worker] org.hibernate.SQL                        : 
    drop table if exists "user" cascade 
Hibernate: 
    drop table if exists "user" cascade 
2025-11-10T08:32:57.837+09:00 DEBUG 73264 --- [    Test worker] org.hibernate.SQL                        : 
    create table board (
        id bigint generated by default as identity,
        board_type varchar(31) not null,
        title varchar(100) not null,
        content varchar(500) not null,
        primary key (id)
    )
Hibernate: 
    create table board (
        id bigint generated by default as identity,
        board_type varchar(31) not null,
        title varchar(100) not null,
        content varchar(500) not null,
        primary key (id)
    )
2025-11-10T08:32:57.838+09:00 DEBUG 73264 --- [    Test worker] org.hibernate.SQL                        : 
    create table comments (
        comment_id bigint generated by default as identity,
        created_at timestamp(6),
        post_id bigint not null,
        updated_at timestamp(6),
        user_id bigint not null,
        content varchar(1000) not null,
        primary key (comment_id)
    )
Hibernate: 
    create table comments (
        comment_id bigint generated by default as identity,
        created_at timestamp(6),
        post_id bigint not null,
        updated_at timestamp(6),
        user_id bigint not null,
        content varchar(1000) not null,
        primary key (comment_id)
    )
2025-11-10T08:32:57.838+09:00 DEBUG 73264 --- [    Test worker] org.hibernate.SQL                        : 
    create table free (
        id bigint not null,
        category varchar(50),
        primary key (id)
    )
Hibernate: 
    create table free (
        id bigint not null,
        category varchar(50),
        primary key (id)
    )
2025-11-10T08:32:57.839+09:00 DEBUG 73264 --- [    Test worker] org.hibernate.SQL                        : 
    create table likes (
        created_at timestamp(6),
        post_id bigint not null,
        updated_at timestamp(6),
        user_id bigint not null,
        constraint uk_likes_user_post primary key (user_id, post_id)
    )
Hibernate: 
    create table likes (
        created_at timestamp(6),
        post_id bigint not null,
        updated_at timestamp(6),
        user_id bigint not null,
        constraint uk_likes_user_post primary key (user_id, post_id)
    )
2025-11-10T08:32:57.840+09:00 DEBUG 73264 --- [    Test worker] org.hibernate.SQL                        : 
    create table notice (
        id bigint not null,
        notice_level varchar(20) not null,
        primary key (id)
    )
Hibernate: 
    create table notice (
        id bigint not null,
        notice_level varchar(20) not null,
        primary key (id)
    )
2025-11-10T08:32:57.840+09:00 DEBUG 73264 --- [    Test worker] org.hibernate.SQL                        : 
    create table posts (
        likes integer not null,
        views integer not null,
        created_at timestamp(6),
        post_id bigint generated by default as identity,
        updated_at timestamp(6),
        user_id bigint not null,
        title varchar(200) not null,
        content TEXT not null,
        image_url varchar(255),
        primary key (post_id)
    )
Hibernate: 
    create table posts (
        likes integer not null,
        views integer not null,
        created_at timestamp(6),
        post_id bigint generated by default as identity,
        updated_at timestamp(6),
        user_id bigint not null,
        title varchar(200) not null,
        content TEXT not null,
        image_url varchar(255),
        primary key (post_id)
    )
2025-11-10T08:32:57.841+09:00 DEBUG 73264 --- [    Test worker] org.hibernate.SQL                        : 
    create table qna (
        solved boolean not null,
        id bigint not null,
        primary key (id)
    )
Hibernate: 
    create table qna (
        solved boolean not null,
        id bigint not null,
        primary key (id)
    )
2025-11-10T08:32:57.841+09:00 DEBUG 73264 --- [    Test worker] org.hibernate.SQL                        : 
    create table "user" (
        created_at timestamp(6),
        updated_at timestamp(6),
        user_id bigint generated by default as identity,
        nickname varchar(30) not null,
        email varchar(200) not null unique,
        password varchar(200) not null,
        profile_image varchar(500),
        user_role enum ('ADMIN','USER') not null,
        primary key (user_id)
    )
Hibernate: 
    create table "user" (
        created_at timestamp(6),
        updated_at timestamp(6),
        user_id bigint generated by default as identity,
        nickname varchar(30) not null,
        email varchar(200) not null unique,
        password varchar(200) not null,
        profile_image varchar(500),
        user_role enum ('ADMIN','USER') not null,
        primary key (user_id)
    )
2025-11-10T08:32:57.842+09:00 DEBUG 73264 --- [    Test worker] org.hibernate.SQL                        : 
    create index idx_comments_post 
       on comments (post_id)
Hibernate: 
    create index idx_comments_post 
       on comments (post_id)
2025-11-10T08:32:57.844+09:00 DEBUG 73264 --- [    Test worker] org.hibernate.SQL                        : 
    create index idx_comments_user 
       on comments (user_id)
Hibernate: 
    create index idx_comments_user 
       on comments (user_id)
2025-11-10T08:32:57.844+09:00 DEBUG 73264 --- [    Test worker] org.hibernate.SQL                        : 
    create index idx_comments_created_at 
       on comments (created_at)
Hibernate: 
    create index idx_comments_created_at 
       on comments (created_at)
2025-11-10T08:32:57.844+09:00 DEBUG 73264 --- [    Test worker] org.hibernate.SQL                        : 
    create index idx_likes_user 
       on likes (user_id)
Hibernate: 
    create index idx_likes_user 
       on likes (user_id)
2025-11-10T08:32:57.844+09:00 DEBUG 73264 --- [    Test worker] org.hibernate.SQL                        : 
    create index idx_likes_post 
       on likes (post_id)
Hibernate: 
    create index idx_likes_post 
       on likes (post_id)
2025-11-10T08:32:57.845+09:00 DEBUG 73264 --- [    Test worker] org.hibernate.SQL                        : 
    create index idx_posts_user 
       on posts (user_id)
Hibernate: 
    create index idx_posts_user 
       on posts (user_id)
2025-11-10T08:32:57.845+09:00 DEBUG 73264 --- [    Test worker] org.hibernate.SQL                        : 
    create index idx_posts_created_at 
       on posts (created_at)
Hibernate: 
    create index idx_posts_created_at 
       on posts (created_at)
2025-11-10T08:32:57.845+09:00 DEBUG 73264 --- [    Test worker] org.hibernate.SQL                        : 
    create index idx_posts_title 
       on posts (title)
Hibernate: 
    create index idx_posts_title 
       on posts (title)
2025-11-10T08:32:57.845+09:00 DEBUG 73264 --- [    Test worker] org.hibernate.SQL                        : 
    alter table if exists comments 
       add constraint FKi9laww00ck3ciancpdhm3abfy 
       foreign key (user_id) 
       references "user"
Hibernate: 
    alter table if exists comments 
       add constraint FKi9laww00ck3ciancpdhm3abfy 
       foreign key (user_id) 
       references "user"
2025-11-10T08:32:57.850+09:00 DEBUG 73264 --- [    Test worker] org.hibernate.SQL                        : 
    alter table if exists comments 
       add constraint FKh4c7lvsc298whoyd4w9ta25cr 
       foreign key (post_id) 
       references posts
Hibernate: 
    alter table if exists comments 
       add constraint FKh4c7lvsc298whoyd4w9ta25cr 
       foreign key (post_id) 
       references posts
2025-11-10T08:32:57.851+09:00 DEBUG 73264 --- [    Test worker] org.hibernate.SQL                        : 
    alter table if exists free 
       add constraint FK6w83iqplas5f1ghelvngym8ai 
       foreign key (id) 
       references board
Hibernate: 
    alter table if exists free 
       add constraint FK6w83iqplas5f1ghelvngym8ai 
       foreign key (id) 
       references board
2025-11-10T08:32:57.851+09:00 DEBUG 73264 --- [    Test worker] org.hibernate.SQL                        : 
    alter table if exists likes 
       add constraint FKry8tnr4x2vwemv2bb0h5hyl0x 
       foreign key (post_id) 
       references posts
Hibernate: 
    alter table if exists likes 
       add constraint FKry8tnr4x2vwemv2bb0h5hyl0x 
       foreign key (post_id) 
       references posts
2025-11-10T08:32:57.852+09:00 DEBUG 73264 --- [    Test worker] org.hibernate.SQL                        : 
    alter table if exists likes 
       add constraint FKgnujyqu0fqtv970byhekkrsiv 
       foreign key (user_id) 
       references "user"
Hibernate: 
    alter table if exists likes 
       add constraint FKgnujyqu0fqtv970byhekkrsiv 
       foreign key (user_id) 
       references "user"
2025-11-10T08:32:57.853+09:00 DEBUG 73264 --- [    Test worker] org.hibernate.SQL                        : 
    alter table if exists notice 
       add constraint FKkca1hrj2pxqq1un315k8cc2ab 
       foreign key (id) 
       references board
Hibernate: 
    alter table if exists notice 
       add constraint FKkca1hrj2pxqq1un315k8cc2ab 
       foreign key (id) 
       references board
2025-11-10T08:32:57.853+09:00 DEBUG 73264 --- [    Test worker] org.hibernate.SQL                        : 
    alter table if exists posts 
       add constraint FKn9urigujgu95o8bpv0tnsokva 
       foreign key (user_id) 
       references "user"
Hibernate: 
    alter table if exists posts 
       add constraint FKn9urigujgu95o8bpv0tnsokva 
       foreign key (user_id) 
       references "user"
2025-11-10T08:32:57.854+09:00 DEBUG 73264 --- [    Test worker] org.hibernate.SQL                        : 
    alter table if exists qna 
       add constraint FKstyn28kbp75f10cepr4f6033r 
       foreign key (id) 
       references board
Hibernate: 
    alter table if exists qna 
       add constraint FKstyn28kbp75f10cepr4f6033r 
       foreign key (id) 
       references board
2025-11-10T08:32:57.856+09:00  INFO 73264 --- [    Test worker] j.LocalContainerEntityManagerFactoryBean : Initialized JPA EntityManagerFactory for persistence unit 'default'
2025-11-10T08:32:57.989+09:00  INFO 73264 --- [    Test worker] o.s.d.j.r.query.QueryEnhancerFactory     : Hibernate is in classpath; If applicable, HQL parser will be used.
2025-11-10T08:32:58.718+09:00  INFO 73264 --- [    Test worker] o.s.b.a.e.web.EndpointLinksResolver      : Exposing 1 endpoint beneath base path '/actuator'
2025-11-10T08:32:58.761+09:00  INFO 73264 --- [    Test worker] com.example.ktbapi.BulkOperationTest     : Started BulkOperationTest in 2.666 seconds (process running for 3.151)
2025-11-10T08:32:59.041+09:00 DEBUG 73264 --- [    Test worker] org.hibernate.SQL                        : 
    insert 
    into
        "user"
        (created_at, email, nickname, password, profile_image, user_role, updated_at, user_id) 
    values
        (?, ?, ?, ?, ?, ?, ?, default)
Hibernate: 
    insert 
    into
        "user"
        (created_at, email, nickname, password, profile_image, user_role, updated_at, user_id) 
    values
        (?, ?, ?, ?, ?, ?, ?, default)
2025-11-10T08:32:59.064+09:00 DEBUG 73264 --- [    Test worker] org.hibernate.SQL                        : 
    insert 
    into
        posts
        (user_id, content, created_at, image_url, likes, title, updated_at, views, post_id) 
    values
        (?, ?, ?, ?, ?, ?, ?, ?, default)
Hibernate: 
    insert 
    into
        posts
        (user_id, content, created_at, image_url, likes, title, updated_at, views, post_id) 
    values
        (?, ?, ?, ?, ?, ?, ?, ?, default)
2025-11-10T08:32:59.083+09:00 DEBUG 73264 --- [    Test worker] org.hibernate.SQL                        : 
    delete 
    from
        likes lr1_0 
    where
        lr1_0.post_id=?
Hibernate: 
    delete 
    from
        likes lr1_0 
    where
        lr1_0.post_id=?
2025-11-10T08:32:59.092+09:00 DEBUG 73264 --- [    Test worker] org.hibernate.SQL                        : 
    select
        count(*) 
    from
        likes lr1_0 
    where
        lr1_0.post_id=?
Hibernate: 
    select
        count(*) 
    from
        likes lr1_0 
    where
        lr1_0.post_id=?
2025-11-10T08:32:59.103+09:00 DEBUG 73264 --- [    Test worker] org.hibernate.SQL                        : 
    insert 
    into
        "user"
        (created_at, email, nickname, password, profile_image, user_role, updated_at, user_id) 
    values
        (?, ?, ?, ?, ?, ?, ?, default)
Hibernate: 
    insert 
    into
        "user"
        (created_at, email, nickname, password, profile_image, user_role, updated_at, user_id) 
    values
        (?, ?, ?, ?, ?, ?, ?, default)
2025-11-10T08:32:59.104+09:00 DEBUG 73264 --- [    Test worker] org.hibernate.SQL                        : 
    insert 
    into
        posts
        (user_id, content, created_at, image_url, likes, title, updated_at, views, post_id) 
    values
        (?, ?, ?, ?, ?, ?, ?, ?, default)
Hibernate: 
    insert 
    into
        posts
        (user_id, content, created_at, image_url, likes, title, updated_at, views, post_id) 
    values
        (?, ?, ?, ?, ?, ?, ?, ?, default)
2025-11-10T08:32:59.104+09:00 DEBUG 73264 --- [    Test worker] org.hibernate.SQL                        : 
    insert 
    into
        posts
        (user_id, content, created_at, image_url, likes, title, updated_at, views, post_id) 
    values
        (?, ?, ?, ?, ?, ?, ?, ?, default)
Hibernate: 
    insert 
    into
        posts
        (user_id, content, created_at, image_url, likes, title, updated_at, views, post_id) 
    values
        (?, ?, ?, ?, ?, ?, ?, ?, default)
2025-11-10T08:32:59.105+09:00 DEBUG 73264 --- [    Test worker] org.hibernate.SQL                        : 
    insert 
    into
        posts
        (user_id, content, created_at, image_url, likes, title, updated_at, views, post_id) 
    values
        (?, ?, ?, ?, ?, ?, ?, ?, default)
Hibernate: 
    insert 
    into
        posts
        (user_id, content, created_at, image_url, likes, title, updated_at, views, post_id) 
    values
        (?, ?, ?, ?, ?, ?, ?, ?, default)
2025-11-10T08:32:59.112+09:00 DEBUG 73264 --- [    Test worker] org.hibernate.SQL                        : 
    update
        posts p1_0 
    set
        views=0 
    where
        p1_0.user_id=? 
        and p1_0.views>?
Hibernate: 
    update
        posts p1_0 
    set
        views=0 
    where
        p1_0.user_id=? 
        and p1_0.views>?
2025-11-10T08:32:59.115+09:00 DEBUG 73264 --- [    Test worker] org.hibernate.SQL                        : 
    select
        p1_0.views 
    from
        posts p1_0 
    where
        p1_0.user_id=? 
    order by
        p1_0.post_id
Hibernate: 
    select
        p1_0.views 
    from
        posts p1_0 
    where
        p1_0.user_id=? 
    order by
        p1_0.post_id
2025-11-10T08:32:59.119+09:00 DEBUG 73264 --- [    Test worker] org.hibernate.SQL                        : 
    insert 
    into
        "user"
        (created_at, email, nickname, password, profile_image, user_role, updated_at, user_id) 
    values
        (?, ?, ?, ?, ?, ?, ?, default)
Hibernate: 
    insert 
    into
        "user"
        (created_at, email, nickname, password, profile_image, user_role, updated_at, user_id) 
    values
        (?, ?, ?, ?, ?, ?, ?, default)
2025-11-10T08:32:59.120+09:00 DEBUG 73264 --- [    Test worker] org.hibernate.SQL                        : 
    insert 
    into
        "user"
        (created_at, email, nickname, password, profile_image, user_role, updated_at, user_id) 
    values
        (?, ?, ?, ?, ?, ?, ?, default)
Hibernate: 
    insert 
    into
        "user"
        (created_at, email, nickname, password, profile_image, user_role, updated_at, user_id) 
    values
        (?, ?, ?, ?, ?, ?, ?, default)
2025-11-10T08:32:59.120+09:00 DEBUG 73264 --- [    Test worker] org.hibernate.SQL                        : 
    insert 
    into
        "user"
        (created_at, email, nickname, password, profile_image, user_role, updated_at, user_id) 
    values
        (?, ?, ?, ?, ?, ?, ?, default)
Hibernate: 
    insert 
    into
        "user"
        (created_at, email, nickname, password, profile_image, user_role, updated_at, user_id) 
    values
        (?, ?, ?, ?, ?, ?, ?, default)
2025-11-10T08:32:59.121+09:00 DEBUG 73264 --- [    Test worker] org.hibernate.SQL                        : 
    insert 
    into
        "user"
        (created_at, email, nickname, password, profile_image, user_role, updated_at, user_id) 
    values
        (?, ?, ?, ?, ?, ?, ?, default)
Hibernate: 
    insert 
    into
        "user"
        (created_at, email, nickname, password, profile_image, user_role, updated_at, user_id) 
    values
        (?, ?, ?, ?, ?, ?, ?, default)
2025-11-10T08:32:59.121+09:00 DEBUG 73264 --- [    Test worker] org.hibernate.SQL                        : 
    insert 
    into
        "user"
        (created_at, email, nickname, password, profile_image, user_role, updated_at, user_id) 
    values
        (?, ?, ?, ?, ?, ?, ?, default)
Hibernate: 
    insert 
    into
        "user"
        (created_at, email, nickname, password, profile_image, user_role, updated_at, user_id) 
    values
        (?, ?, ?, ?, ?, ?, ?, default)
2025-11-10T08:32:59.122+09:00 DEBUG 73264 --- [    Test worker] org.hibernate.SQL                        : 
    update
        "user" u1_0 
    set
        nickname=?
Hibernate: 
    update
        "user" u1_0 
    set
        nickname=?
2025-11-10T08:32:59.123+09:00 DEBUG 73264 --- [    Test worker] org.hibernate.SQL                        : 
    select
        u1_0.user_id,
        u1_0.created_at,
        u1_0.email,
        u1_0.nickname,
        u1_0.password,
        u1_0.profile_image,
        u1_0.user_role,
        u1_0.updated_at 
    from
        "user" u1_0 
    order by
        u1_0.user_id 
    fetch
        first ? rows only
Hibernate: 
    select
        u1_0.user_id,
        u1_0.created_at,
        u1_0.email,
        u1_0.nickname,
        u1_0.password,
        u1_0.profile_image,
        u1_0.user_role,
        u1_0.updated_at 
    from
        "user" u1_0 
    order by
        u1_0.user_id 
    fetch
        first ? rows only
2025-11-10T08:32:59.131+09:00 DEBUG 73264 --- [    Test worker] org.hibernate.SQL                        : 
    insert 
    into
        "user"
        (created_at, email, nickname, password, profile_image, user_role, updated_at, user_id) 
    values
        (?, ?, ?, ?, ?, ?, ?, default)
Hibernate: 
    insert 
    into
        "user"
        (created_at, email, nickname, password, profile_image, user_role, updated_at, user_id) 
    values
        (?, ?, ?, ?, ?, ?, ?, default)
2025-11-10T08:32:59.131+09:00 DEBUG 73264 --- [    Test worker] org.hibernate.SQL                        : 
    insert 
    into
        "user"
        (created_at, email, nickname, password, profile_image, user_role, updated_at, user_id) 
    values
        (?, ?, ?, ?, ?, ?, ?, default)
Hibernate: 
    insert 
    into
        "user"
        (created_at, email, nickname, password, profile_image, user_role, updated_at, user_id) 
    values
        (?, ?, ?, ?, ?, ?, ?, default)
2025-11-10T08:32:59.132+09:00 DEBUG 73264 --- [    Test worker] org.hibernate.SQL                        : 
    insert 
    into
        "user"
        (created_at, email, nickname, password, profile_image, user_role, updated_at, user_id) 
    values
        (?, ?, ?, ?, ?, ?, ?, default)
Hibernate: 
    insert 
    into
        "user"
        (created_at, email, nickname, password, profile_image, user_role, updated_at, user_id) 
    values
        (?, ?, ?, ?, ?, ?, ?, default)
2025-11-10T08:32:59.132+09:00 DEBUG 73264 --- [    Test worker] org.hibernate.SQL                        : 
    update
        "user" u1_0 
    set
        nickname=?
Hibernate: 
    update
        "user" u1_0 
    set
        nickname=?
2025-11-10T08:32:59.143+09:00 DEBUG 73264 --- [    Test worker] org.hibernate.SQL                        : 
    select
        u1_0.user_id,
        u1_0.created_at,
        u1_0.email,
        u1_0.nickname,
        u1_0.password,
        u1_0.profile_image,
        u1_0.user_role,
        u1_0.updated_at 
    from
        "user" u1_0 
    where
        u1_0.user_id in (?, ?, ?) 
    order by
        u1_0.user_id
Hibernate: 
    select
        u1_0.user_id,
        u1_0.created_at,
        u1_0.email,
        u1_0.nickname,
        u1_0.password,
        u1_0.profile_image,
        u1_0.user_role,
        u1_0.updated_at 
    from
        "user" u1_0 
    where
        u1_0.user_id in (?, ?, ?) 
    order by
        u1_0.user_id
[after bulk WITHOUT clear] id=8, nickname=NickA
[after bulk WITHOUT clear] id=9, nickname=NickB
[after bulk WITHOUT clear] id=10, nickname=NickC
2025-11-10T08:32:59.144+09:00 DEBUG 73264 --- [    Test worker] org.hibernate.SQL                        : 
    select
        u1_0.user_id,
        u1_0.created_at,
        u1_0.email,
        u1_0.nickname,
        u1_0.password,
        u1_0.profile_image,
        u1_0.user_role,
        u1_0.updated_at 
    from
        "user" u1_0 
    where
        u1_0.user_id in (?, ?, ?) 
    order by
        u1_0.user_id
Hibernate: 
    select
        u1_0.user_id,
        u1_0.created_at,
        u1_0.email,
        u1_0.nickname,
        u1_0.password,
        u1_0.profile_image,
        u1_0.user_role,
        u1_0.updated_at 
    from
        "user" u1_0 
    where
        u1_0.user_id in (?, ?, ?) 
    order by
        u1_0.user_id
]]></system-out>
  <system-err><![CDATA[]]></system-err>
</testsuite>
