<?xml version="1.0" encoding="UTF-8"?>
<testsuite name="com.example.ktbapi.jpa.CloseTest" tests="2" skipped="0" failures="0" errors="0" timestamp="2025-11-09T23:32:59.253Z" hostname="neonui-MacBookPro.local" time="0.007">
  <properties/>
  <testcase name="EntityManagerFactory로 생성한 순수 EntityManager는 close() 후 IllegalStateException 발생" classname="com.example.ktbapi.jpa.CloseTest" time="0.005"/>
  <testcase name="스프링이 주입한 공유 EntityManager는 close()가 NO-OP(예외 없음)" classname="com.example.ktbapi.jpa.CloseTest" time="0.002"/>
  <system-out><![CDATA[2025-11-10T08:32:59.250+09:00  INFO 73264 --- [    Test worker] t.c.s.AnnotationConfigContextLoaderUtils : Could not detect default configuration classes for test class [com.example.ktbapi.jpa.CloseTest]: CloseTest does not declare any static, non-private, non-final, nested classes annotated with @Configuration.
2025-11-10T08:32:59.253+09:00  INFO 73264 --- [    Test worker] .b.t.c.SpringBootTestContextBootstrapper : Found @SpringBootConfiguration com.example.ktbapi.KtbapiApplication for test class com.example.ktbapi.jpa.CloseTest
2025-11-10T08:32:59.256+09:00 DEBUG 73264 --- [    Test worker] org.hibernate.SQL                        : 
    insert 
    into
        "user"
        (created_at, email, nickname, password, profile_image, user_role, updated_at, user_id) 
    values
        (?, ?, ?, ?, ?, ?, ?, default)
Hibernate: 
    insert 
    into
        "user"
        (created_at, email, nickname, password, profile_image, user_role, updated_at, user_id) 
    values
        (?, ?, ?, ?, ?, ?, ?, default)
]]></system-out>
  <system-err><![CDATA[]]></system-err>
</testsuite>
