<?xml version="1.0" encoding="UTF-8"?>
<testsuite name="com.example.ktbapi.board.BoardInheritanceTest" tests="1" skipped="0" failures="0" errors="0" timestamp="2025-11-09T23:32:59.237Z" hostname="neonui-MacBookPro.local" time="0.012">
  <properties/>
  <testcase name="joined_inheritance_save_and_load()" classname="com.example.ktbapi.board.BoardInheritanceTest" time="0.012"/>
  <system-out><![CDATA[2025-11-10T08:32:59.234+09:00  INFO 73264 --- [    Test worker] t.c.s.AnnotationConfigContextLoaderUtils : Could not detect default configuration classes for test class [com.example.ktbapi.board.BoardInheritanceTest]: BoardInheritanceTest does not declare any static, non-private, non-final, nested classes annotated with @Configuration.
2025-11-10T08:32:59.237+09:00  INFO 73264 --- [    Test worker] .b.t.c.SpringBootTestContextBootstrapper : Found @SpringBootConfiguration com.example.ktbapi.KtbapiApplication for test class com.example.ktbapi.board.BoardInheritanceTest
2025-11-10T08:32:59.241+09:00 DEBUG 73264 --- [    Test worker] org.hibernate.SQL                        : 
    insert 
    into
        board
        (content, title, board_type, id) 
    values
        (?, ?, 'NOTICE', default)
Hibernate: 
    insert 
    into
        board
        (content, title, board_type, id) 
    values
        (?, ?, 'NOTICE', default)
2025-11-10T08:32:59.242+09:00 DEBUG 73264 --- [    Test worker] org.hibernate.SQL                        : 
    insert 
    into
        notice
        (notice_level, id) 
    values
        (?, ?)
Hibernate: 
    insert 
    into
        notice
        (notice_level, id) 
    values
        (?, ?)
2025-11-10T08:32:59.242+09:00 DEBUG 73264 --- [    Test worker] org.hibernate.SQL                        : 
    insert 
    into
        board
        (content, title, board_type, id) 
    values
        (?, ?, 'FREE', default)
Hibernate: 
    insert 
    into
        board
        (content, title, board_type, id) 
    values
        (?, ?, 'FREE', default)
2025-11-10T08:32:59.242+09:00 DEBUG 73264 --- [    Test worker] org.hibernate.SQL                        : 
    insert 
    into
        free
        (category, id) 
    values
        (?, ?)
Hibernate: 
    insert 
    into
        free
        (category, id) 
    values
        (?, ?)
2025-11-10T08:32:59.243+09:00 DEBUG 73264 --- [    Test worker] org.hibernate.SQL                        : 
    insert 
    into
        board
        (content, title, board_type, id) 
    values
        (?, ?, 'QNA', default)
Hibernate: 
    insert 
    into
        board
        (content, title, board_type, id) 
    values
        (?, ?, 'QNA', default)
2025-11-10T08:32:59.243+09:00 DEBUG 73264 --- [    Test worker] org.hibernate.SQL                        : 
    insert 
    into
        qna
        (solved, id) 
    values
        (?, ?)
Hibernate: 
    insert 
    into
        qna
        (solved, id) 
    values
        (?, ?)
2025-11-10T08:32:59.245+09:00 DEBUG 73264 --- [    Test worker] org.hibernate.SQL                        : 
    select
        n1_0.id,
        n1_1.content,
        n1_1.title,
        n1_0.notice_level 
    from
        notice n1_0 
    join
        board n1_1 
            on n1_0.id=n1_1.id 
    where
        n1_0.id=?
Hibernate: 
    select
        n1_0.id,
        n1_1.content,
        n1_1.title,
        n1_0.notice_level 
    from
        notice n1_0 
    join
        board n1_1 
            on n1_0.id=n1_1.id 
    where
        n1_0.id=?
2025-11-10T08:32:59.246+09:00 DEBUG 73264 --- [    Test worker] org.hibernate.SQL                        : 
    select
        f1_0.id,
        f1_1.content,
        f1_1.title,
        f1_0.category 
    from
        free f1_0 
    join
        board f1_1 
            on f1_0.id=f1_1.id 
    where
        f1_0.id=?
Hibernate: 
    select
        f1_0.id,
        f1_1.content,
        f1_1.title,
        f1_0.category 
    from
        free f1_0 
    join
        board f1_1 
            on f1_0.id=f1_1.id 
    where
        f1_0.id=?
2025-11-10T08:32:59.246+09:00 DEBUG 73264 --- [    Test worker] org.hibernate.SQL                        : 
    select
        q1_0.id,
        q1_1.content,
        q1_1.title,
        q1_0.solved 
    from
        qna q1_0 
    join
        board q1_1 
            on q1_0.id=q1_1.id 
    where
        q1_0.id=?
Hibernate: 
    select
        q1_0.id,
        q1_1.content,
        q1_1.title,
        q1_0.solved 
    from
        qna q1_0 
    join
        board q1_1 
            on q1_0.id=q1_1.id 
    where
        q1_0.id=?
]]></system-out>
  <system-err><![CDATA[]]></system-err>
</testsuite>
